0 info it worked if it ends with ok
1 verbose cli [ 'C:\\Program Files\\nodejs\\node.exe',
1 verbose cli   'C:\\Program Files\\nodejs\\node_modules\\npm\\bin\\npm-cli.js',
1 verbose cli   'run',
1 verbose cli   'start' ]
2 info using npm@3.10.10
3 info using node@v6.11.4
4 verbose run-script [ 'prestart', 'start', 'poststart' ]
5 info lifecycle antm-server@1.0.0~prestart: antm-server@1.0.0
6 silly lifecycle antm-server@1.0.0~prestart: no script for prestart, continuing
7 info lifecycle antm-server@1.0.0~start: antm-server@1.0.0
8 verbose lifecycle antm-server@1.0.0~start: unsafe-perm in lifecycle true
9 verbose lifecycle antm-server@1.0.0~start: PATH: C:\Program Files\nodejs\node_modules\npm\bin\node-gyp-bin;D:\P_project\saas-mobile\server\node_modules\.bin;C:\ProgramData\Oracle\Java\javapath;C:\Program Files\Docker\Docker\Resources\bin;C:\Windows\system32;C:\Windows;C:\Windows\System32\Wbem;C:\Windows\System32\WindowsPowerShell\v1.0\;C:\Program Files (x86)\NVIDIA Corporation\PhysX\Common;C:\Program Files\Git\cmd;C:\Program Files\TortoiseGit\bin;C:\Python27;C:\Program Files\nodejs\;C:\ProgramData\ComposerSetup\bin;C:\phpStudy\PHPTutorial\php\php-7.0.12-nts;C:\Users\cqpul\AppData\Local\Microsoft\WindowsApps;C:\Users\cqpul\AppData\Roaming\npm;C:\Users\cqpul\AppData\Roaming\Composer\vendor\bin
10 verbose lifecycle antm-server@1.0.0~start: CWD: D:\P_project\saas-mobile\server
11 silly lifecycle antm-server@1.0.0~start: Args: [ '/d /s /c', 'nodemon server.js' ]
12 silly lifecycle antm-server@1.0.0~start: Returned: code: 3221225786  signal: null
13 info lifecycle antm-server@1.0.0~start: Failed to exec start script
14 verbose stack Error: antm-server@1.0.0 start: `nodemon server.js`
14 verbose stack Exit status 3221225786
14 verbose stack     at EventEmitter.<anonymous> (C:\Program Files\nodejs\node_modules\npm\lib\utils\lifecycle.js:255:16)
14 verbose stack     at emitTwo (events.js:106:13)
14 verbose stack     at EventEmitter.emit (events.js:191:7)
14 verbose stack     at ChildProcess.<anonymous> (C:\Program Files\nodejs\node_modules\npm\lib\utils\spawn.js:40:14)
14 verbose stack     at emitTwo (events.js:106:13)
14 verbose stack     at ChildProcess.emit (events.js:191:7)
14 verbose stack     at maybeClose (internal/child_process.js:920:16)
14 verbose stack     at Process.ChildProcess._handle.onexit (internal/child_process.js:230:5)
15 verbose pkgid antm-server@1.0.0
16 verbose cwd D:\P_project\saas-mobile\server
17 error Windows_NT 10.0.14393
18 error argv "C:\\Program Files\\nodejs\\node.exe" "C:\\Program Files\\nodejs\\node_modules\\npm\\bin\\npm-cli.js" "run" "start"
19 error node v6.11.4
20 error npm  v3.10.10
21 error code ELIFECYCLE
22 error antm-server@1.0.0 start: `nodemon server.js`
22 error Exit status 3221225786
23 error Failed at the antm-server@1.0.0 start script 'nodemon server.js'.
23 error Make sure you have the latest version of node.js and npm installed.
23 error If you do, this is most likely a problem with the antm-server package,
23 error not with npm itself.
23 error Tell the author that this fails on your system:
23 error     nodemon server.js
23 error You can get information on how to open an issue for this project with:
23 error     npm bugs antm-server
23 error Or if that isn't available, you can get their info via:
23 error     npm owner ls antm-server
23 error There is likely additional logging output above.
24 verbose exit [ 1, true ]
