2018-01-30 15:32 +08:00: Error: listen EADDRINUSE :::3006
    at Object.exports._errnoException (util.js:1020:11)
    at exports._exceptionWithHostPort (util.js:1043:20)
    at Server._listen2 (net.js:1262:14)
    at listen (net.js:1298:10)
    at Server.listen (net.js:1394:5)
    at EventEmitter.listen (D:\P_project\saas-mobile\node_modules\express\lib\application.js:618:24)
    at Object.<anonymous> (D:\P_project\saas-mobile\server.js:34:5)
    at Module._compile (module.js:570:32)
    at Object.Module._extensions..js (module.js:579:10)
    at Module.load (module.js:487:32)
2018-01-30 15:32 +08:00: Error: listen EADDRINUSE :::3006
    at Object.exports._errnoException (util.js:1020:11)
    at exports._exceptionWithHostPort (util.js:1043:20)
    at Server._listen2 (net.js:1262:14)
    at listen (net.js:1298:10)
    at Server.listen (net.js:1394:5)
    at EventEmitter.listen (D:\P_project\saas-mobile\node_modules\express\lib\application.js:618:24)
    at Object.<anonymous> (D:\P_project\saas-mobile\server.js:34:5)
    at Module._compile (module.js:570:32)
    at Object.Module._extensions..js (module.js:579:10)
    at Module.load (module.js:487:32)
2018-01-30 15:32 +08:00: Error: listen EADDRINUSE :::3006
    at Object.exports._errnoException (util.js:1020:11)
    at exports._exceptionWithHostPort (util.js:1043:20)
    at Server._listen2 (net.js:1262:14)
    at listen (net.js:1298:10)
    at Server.listen (net.js:1394:5)
    at EventEmitter.listen (D:\P_project\saas-mobile\node_modules\express\lib\application.js:618:24)
    at Object.<anonymous> (D:\P_project\saas-mobile\server.js:34:5)
    at Module._compile (module.js:570:32)
    at Object.Module._extensions..js (module.js:579:10)
    at Module.load (module.js:487:32)
2018-01-30 15:32 +08:00: Error: listen EADDRINUSE :::3006
    at Object.exports._errnoException (util.js:1020:11)
    at exports._exceptionWithHostPort (util.js:1043:20)
    at Server._listen2 (net.js:1262:14)
    at listen (net.js:1298:10)
    at Server.listen (net.js:1394:5)
    at EventEmitter.listen (D:\P_project\saas-mobile\node_modules\express\lib\application.js:618:24)
    at Object.<anonymous> (D:\P_project\saas-mobile\server.js:34:5)
    at Module._compile (module.js:570:32)
    at Object.Module._extensions..js (module.js:579:10)
    at Module.load (module.js:487:32)
2018-01-30 15:32 +08:00: Error: listen EADDRINUSE :::3006
    at Object.exports._errnoException (util.js:1020:11)
    at exports._exceptionWithHostPort (util.js:1043:20)
    at Server._listen2 (net.js:1262:14)
    at listen (net.js:1298:10)
    at Server.listen (net.js:1394:5)
    at EventEmitter.listen (D:\P_project\saas-mobile\node_modules\express\lib\application.js:618:24)
    at Object.<anonymous> (D:\P_project\saas-mobile\server.js:34:5)
    at Module._compile (module.js:570:32)
    at Object.Module._extensions..js (module.js:579:10)
    at Module.load (module.js:487:32)
2018-01-30 15:32 +08:00: Error: listen EADDRINUSE :::3006
    at Object.exports._errnoException (util.js:1020:11)
    at exports._exceptionWithHostPort (util.js:1043:20)
    at Server._listen2 (net.js:1262:14)
    at listen (net.js:1298:10)
    at Server.listen (net.js:1394:5)
    at EventEmitter.listen (D:\P_project\saas-mobile\node_modules\express\lib\application.js:618:24)
    at Object.<anonymous> (D:\P_project\saas-mobile\server.js:34:5)
    at Module._compile (module.js:570:32)
    at Object.Module._extensions..js (module.js:579:10)
    at Module.load (module.js:487:32)
2018-01-30 15:33 +08:00: Error: Failed to lookup view "index" in views directory "D:\P_project\saas-mobile\app\build"
    at EventEmitter.render (D:\P_project\saas-mobile\node_modules\express\lib\application.js:580:17)
    at ServerResponse.render (D:\P_project\saas-mobile\node_modules\express\lib\response.js:1008:7)
    at D:\P_project\saas-mobile\server.js:30:9
    at Layer.handle [as handle_request] (D:\P_project\saas-mobile\node_modules\express\lib\router\layer.js:95:5)
    at next (D:\P_project\saas-mobile\node_modules\express\lib\router\route.js:137:13)
    at Route.dispatch (D:\P_project\saas-mobile\node_modules\express\lib\router\route.js:112:3)
    at Layer.handle [as handle_request] (D:\P_project\saas-mobile\node_modules\express\lib\router\layer.js:95:5)
    at D:\P_project\saas-mobile\node_modules\express\lib\router\index.js:281:22
    at param (D:\P_project\saas-mobile\node_modules\express\lib\router\index.js:354:14)
    at param (D:\P_project\saas-mobile\node_modules\express\lib\router\index.js:365:14)
2018-01-30 15:33 +08:00: Error: Failed to lookup view "index" in views directory "D:\P_project\saas-mobile\app\build"
    at EventEmitter.render (D:\P_project\saas-mobile\node_modules\express\lib\application.js:580:17)
    at ServerResponse.render (D:\P_project\saas-mobile\node_modules\express\lib\response.js:1008:7)
    at D:\P_project\saas-mobile\server.js:30:9
    at Layer.handle [as handle_request] (D:\P_project\saas-mobile\node_modules\express\lib\router\layer.js:95:5)
    at next (D:\P_project\saas-mobile\node_modules\express\lib\router\route.js:137:13)
    at Route.dispatch (D:\P_project\saas-mobile\node_modules\express\lib\router\route.js:112:3)
    at Layer.handle [as handle_request] (D:\P_project\saas-mobile\node_modules\express\lib\router\layer.js:95:5)
    at D:\P_project\saas-mobile\node_modules\express\lib\router\index.js:281:22
    at param (D:\P_project\saas-mobile\node_modules\express\lib\router\index.js:354:14)
    at param (D:\P_project\saas-mobile\node_modules\express\lib\router\index.js:365:14)
